\BOOKMARK [0][-]{chapter*.1}{\376\377\000P\000r\000e\000f\000a\000c\000e}{}% 1
\BOOKMARK [0][-]{chapter.0.1}{\376\377\000I\000n\000t\000r\000o\000d\000u\000c\000t\000i\000o\000n}{}% 2
\BOOKMARK [1][-]{section.0.1.1}{\376\377\000D\000e\000v\000e\000l\000o\000p\000m\000e\000n\000t\000\040\000E\000n\000v\000i\000r\000o\000n\000m\000e\000n\000t\000s}{chapter.0.1}% 3
\BOOKMARK [1][-]{section.0.1.2}{\376\377\000C\000o\000n\000f\000i\000g\000u\000r\000a\000t\000i\000o\000n\000\040\000a\000n\000d\000\040\000P\000r\000o\000j\000e\000c\000t\000\040\000F\000i\000l\000e\000s\000/\000F\000o\000l\000d\000e\000r\000s}{chapter.0.1}% 4
\BOOKMARK [1][-]{section.0.1.3}{\376\377\000E\000x\000a\000m\000p\000l\000e\000\040\0001}{chapter.0.1}% 5
\BOOKMARK [1][-]{section.0.1.4}{\376\377\000E\000x\000a\000m\000p\000l\000e\000\040\0002}{chapter.0.1}% 6
\BOOKMARK [0][-]{chapter.0.2}{\376\377\000V\000i\000s\000u\000a\000l\000\040\000S\000t\000u\000d\000i\000o}{}% 7
\BOOKMARK [1][-]{section.0.2.1}{\376\377\000I\000n\000s\000t\000a\000l\000l\000i\000n\000g\000\040\000V\000i\000s\000u\000a\000l\000\040\000S\000t\000u\000d\000i\000o}{chapter.0.2}% 8
\BOOKMARK [1][-]{section.0.2.2}{\376\377\000C\000o\000n\000f\000i\000g\000u\000r\000i\000n\000g\000\040\000V\000i\000s\000u\000a\000l\000\040\000S\000t\000u\000d\000i\000o\000\040\000f\000e\000a\000t\000u\000r\000e\000s}{chapter.0.2}% 9
\BOOKMARK [1][-]{section.0.2.3}{\376\377\000I\000m\000p\000o\000r\000t\000i\000n\000g\000\040\000t\000h\000e\000\040\000e\000n\000v\000i\000r\000o\000n\000m\000e\000n\000t\000\040\000c\000o\000n\000f\000i\000g\000u\000r\000a\000t\000i\000o\000n}{chapter.0.2}% 10
\BOOKMARK [1][-]{section.0.2.4}{\376\377\000M\000o\000d\000i\000f\000y\000i\000n\000g\000\040\000s\000h\000o\000r\000t\000c\000u\000t\000\040\000i\000c\000o\000n\000s}{chapter.0.2}% 11
\BOOKMARK [1][-]{section.0.2.5}{\376\377\000E\000n\000t\000e\000r\000p\000r\000i\000s\000e\000\040\000d\000i\000s\000t\000r\000i\000b\000u\000t\000i\000o\000n\000\040\000o\000f\000\040\000V\000i\000s\000u\000a\000l\000\040\000S\000t\000u\000d\000i\000o}{chapter.0.2}% 12
\BOOKMARK [0][-]{chapter.0.3}{\376\377\000P\000y\000t\000h\000o\000n\000\040\000P\000r\000o\000j\000e\000c\000t\000s}{}% 13
\BOOKMARK [1][-]{section.0.3.1}{\376\377\000I\000n\000s\000t\000a\000l\000l\000i\000n\000g\000\040\000P\000y\000t\000h\000o\000n\000\040\000I\000n\000t\000e\000r\000p\000r\000e\000t\000e\000r}{chapter.0.3}% 14
\BOOKMARK [1][-]{section.0.3.2}{\376\377\000C\000r\000e\000a\000t\000e\000\040\000a\000\040\000P\000y\000t\000h\000o\000n\000\040\000p\000r\000o\000j\000e\000c\000t}{chapter.0.3}% 15
\BOOKMARK [1][-]{section.0.3.3}{\376\377\000E\000x\000e\000c\000u\000t\000e\000\040\000t\000h\000e\000\040\000`\000`\000H\000e\000l\000l\000o\000\040\000W\000o\000r\000l\000d\000'\000'\000\040\000e\000x\000a\000m\000p\000l\000e}{chapter.0.3}% 16
\BOOKMARK [1][-]{section.0.3.4}{\376\377\000I\000n\000s\000t\000a\000l\000l\000i\000n\000g\000\040\000a\000n\000d\000\040\000r\000e\000m\000o\000v\000i\000n\000g\000\040\000P\000y\000t\000h\000o\000n\000\040\000P\000a\000c\000k\000a\000g\000e\000s}{chapter.0.3}% 17
\BOOKMARK [1][-]{section.0.3.5}{\376\377\000I\000n\000c\000l\000u\000d\000e\000\040\000m\000o\000d\000u\000l\000e\000s\000\040\000\046\000\040\000p\000a\000c\000k\000a\000g\000e\000s\000\040\000f\000r\000o\000m\000\040\000o\000t\000h\000e\000r\000\040\000P\000r\000o\000j\000e\000c\000t\000s}{chapter.0.3}% 18
\BOOKMARK [0][-]{chapter.0.4}{\376\377\000A\000r\000d\000u\000i\000n\000o\000\040\000P\000r\000o\000j\000e\000c\000t\000s}{}% 19
\BOOKMARK [1][-]{section.0.4.1}{\376\377\000I\000n\000s\000t\000a\000l\000l\000\040\000V\000i\000s\000u\000a\000l\000\040\000M\000i\000c\000r\000o\000\040\000p\000l\000u\000g\040\023\000i\000n}{chapter.0.4}% 20
\BOOKMARK [1][-]{section.0.4.2}{\376\377\000C\000r\000e\000a\000t\000e\000\040\000a\000n\000\040\000A\000r\000d\000u\000i\000n\000o\000\040\000P\000r\000o\000j\000e\000c\000t}{chapter.0.4}% 21
\BOOKMARK [1][-]{section.0.4.3}{\376\377\000E\000x\000e\000c\000u\000t\000e\000\040\000t\000h\000e\000\040\000`\000`\000H\000e\000l\000l\000o\000\040\000w\000o\000r\000l\000d\000'\000'\000\040\000w\000i\000t\000h\000\040\000A\000r\000d\000u\000i\000n\000o}{chapter.0.4}% 22
\BOOKMARK [1][-]{section.0.4.4}{\376\377\000C\000o\000n\000f\000i\000g\000u\000r\000i\000n\000g\000\040\000c\000o\000m\000p\000l\000e\000x\000\040\000p\000r\000o\000j\000e\000c\000t\000s}{chapter.0.4}% 23
\BOOKMARK [1][-]{section.0.4.5}{\376\377\000I\000n\000s\000t\000a\000l\000l\000i\000n\000g\000\040\000C\000+\000+\000\040\000C\000o\000m\000p\000i\000l\000e\000r}{chapter.0.4}% 24
\BOOKMARK [1][-]{section.0.4.6}{\376\377\000C\000r\000e\000a\000t\000e\000\040\000a\000\040\000C\000+\000+\000\040\000p\000r\000o\000j\000e\000c\000t}{chapter.0.4}% 25
\BOOKMARK [1][-]{section.0.4.7}{\376\377\000E\000x\000e\000c\000u\000t\000e\000\040\000t\000h\000e\000\040\000`\000`\000H\000e\000l\000l\000o\000\040\000w\000o\000r\000l\000d\000'\000'\000\040\000e\000x\000a\000m\000p\000l\000e\000\040\000w\000i\000t\000h\000\040\000C\000+\000+}{chapter.0.4}% 26
\BOOKMARK [0][-]{chapter.0.5}{\376\377\000F\000o\000r\000t\000r\000a\000n\000\040\000P\000r\000o\000j\000e\000c\000t\000s}{}% 27
\BOOKMARK [1][-]{section.0.5.1}{\376\377\000I\000n\000s\000t\000a\000l\000l\000i\000n\000g\000\040\000F\000o\000r\000t\000r\000a\000n\000\040\000C\000o\000m\000p\000i\000l\000e\000r}{chapter.0.5}% 28
\BOOKMARK [1][-]{section.0.5.2}{\376\377\000C\000r\000e\000a\000t\000e\000\040\000a\000\040\000F\000o\000r\000t\000r\000a\000n\000\040\000p\000r\000o\000j\000e\000c\000t}{chapter.0.5}% 29
\BOOKMARK [1][-]{section.0.5.3}{\376\377\000C\000o\000m\000p\000i\000l\000e\000,\000\040\000l\000i\000n\000k\000\040\000a\000n\000d\000\040\000e\000x\000e\000c\000u\000t\000e\000\040\000t\000h\000e\000\040\000`\000`\000H\000e\000l\000l\000o\000\040\000w\000o\000r\000l\000d\000"\000\040\000e\000x\000a\000m\000p\000l\000e}{chapter.0.5}% 30
\BOOKMARK [1][-]{section.0.5.4}{\376\377\000I\000n\000c\000l\000u\000d\000e\000\040\000n\000e\000w\000\040\000p\000r\000o\000j\000e\000c\000t\000s\000\040\000a\000n\000d\000\040\000n\000e\000w\000\040\000f\000i\000l\000e\000s}{chapter.0.5}% 31
\BOOKMARK [1][-]{section.0.5.5}{\376\377\000C\000o\000n\000f\000i\000g\000u\000r\000i\000n\000g\000\040\000c\000o\000m\000p\000i\000l\000a\000t\000i\000o\000n\000\040\000o\000p\000t\000i\000o\000n\000s}{chapter.0.5}% 32
\BOOKMARK [1][-]{section.0.5.6}{\376\377\000C\000o\000n\000f\000i\000g\000u\000r\000i\000n\000g\000\040\000a\000\040\000g\000r\000a\000p\000h\000i\000c\000\040\000l\000i\000b\000r\000a\000r\000y\000:\000\040\000D\000I\000S\000L\000I\000N}{chapter.0.5}% 33
\BOOKMARK [1][-]{section.0.5.7}{\376\377\000F\000o\000r\000t\000r\000a\000n\000\040\000F\000A\000Q}{chapter.0.5}% 34
\BOOKMARK [0][-]{chapter.0.6}{\376\377\000W\000e\000b\000\040\000P\000r\000o\000j\000e\000c\000t\000s}{}% 35
\BOOKMARK [1][-]{section.0.6.1}{\376\377\000I\000n\000s\000t\000a\000l\000l\000i\000n\000g\000\040\000t\000o\000o\000l\000s}{chapter.0.6}% 36
\BOOKMARK [1][-]{section.0.6.2}{\376\377\000C\000r\000e\000a\000t\000e\000\040\000W\000e\000b\000s\000i\000t\000e\000\040\000H\000T\000M\000L\000/\000C\000S\000S\000/\000J\000S\000\040\000p\000r\000o\000j\000e\000c\000t}{chapter.0.6}% 37
\BOOKMARK [1][-]{section.0.6.3}{\376\377\000E\000x\000e\000c\000u\000t\000e\000\040\000t\000h\000e\000\040\000`\000`\000H\000e\000l\000l\000o\000\040\000w\000o\000r\000l\000d\000'\000'\000\040\000e\000x\000a\000m\000p\000l\000e}{chapter.0.6}% 38
\BOOKMARK [1][-]{section.0.6.4}{\376\377\000W\000e\000b\000\040\000A\000p\000p\000l\000i\000c\000a\000t\000i\000o\000n\000:\000\040\000F\000u\000n\000d\000a\000m\000e\000n\000t\000a\000l\000s}{chapter.0.6}% 39
\BOOKMARK [2][-]{subsection.0.6.4.1}{\376\377\000H\000T\000M\000L\000\040\000S\000t\000r\000u\000c\000t\000u\000r\000e}{section.0.6.4}% 40
\BOOKMARK [2][-]{subsection.0.6.4.2}{\376\377\000C\000S\000S\000\040\000C\000o\000n\000c\000e\000p\000t\000s}{section.0.6.4}% 41
\BOOKMARK [2][-]{subsection.0.6.4.3}{\376\377\000J\000a\000v\000a\000S\000c\000r\000i\000p\000t\000\040\000C\000o\000n\000c\000e\000p\000t\000s}{section.0.6.4}% 42
\BOOKMARK [1][-]{section.0.6.5}{\376\377\000I\000n\000s\000t\000a\000l\000l\000i\000n\000g\000\040\000N\000o\000d\000e\000.\000j\000s\000\040\000t\000o\000o\000l\000s}{chapter.0.6}% 43
\BOOKMARK [1][-]{section.0.6.6}{\376\377\000C\000r\000e\000a\000t\000e\000\040\000a\000\040\000N\000o\000d\000e\000.\000j\000s\000\040\000p\000r\000o\000j\000e\000c\000t}{chapter.0.6}% 44
\BOOKMARK [1][-]{section.0.6.7}{\376\377\000E\000x\000e\000c\000u\000t\000e\000\040\000t\000h\000e\000\040\000`\000`\000H\000e\000l\000l\000o\000\040\000w\000o\000r\000l\000d\000'\000'\000\040\000e\000x\000a\000m\000p\000l\000e\000\040\000\050\000N\000o\000d\000e\000.\000j\000s\000\051}{chapter.0.6}% 45
\BOOKMARK [1][-]{section.0.6.8}{\376\377\000D\000e\000b\000u\000g\000g\000i\000n\000g\000\040\000a\000\040\000w\000e\000b\000\040\000p\000a\000g\000e}{chapter.0.6}% 46
\BOOKMARK [1][-]{section.0.6.9}{\376\377\000C\000o\000r\000d\000o\000v\000a\000\040\000p\000r\000o\000j\000e\000c\000t}{chapter.0.6}% 47
\BOOKMARK [0][-]{chapter.0.7}{\376\377\000G\000i\000t\000\040\000a\000n\000d\000\040\000G\000i\000t\000H\000u\000b}{}% 48
\BOOKMARK [1][-]{section.0.7.1}{\376\377\000I\000n\000t\000r\000o\000d\000u\000c\000t\000i\000o\000n}{chapter.0.7}% 49
\BOOKMARK [1][-]{section.0.7.2}{\376\377\000I\000n\000s\000t\000a\000l\000l\000i\000n\000g\000.\000.\000.}{chapter.0.7}% 50
\BOOKMARK [1][-]{section.0.7.3}{\376\377\000W\000o\000r\000k\000f\000l\000o\000w\000\040\000i\000n\000\040\000G\000i\000t\000\040\000a\000n\000d\000\040\000G\000i\000t\000H\000u\000b}{chapter.0.7}% 51
\BOOKMARK [0][-]{chapter*.93}{\376\377\000R\000e\000f\000e\000r\000e\000n\000c\000e\000s}{}% 52
